221.0079184102
97.2676719162
96.7290028895
212.6781606089
174.7440986128
195.4047082340
10.1242283657
26.2678510731
50.0000000000
211.8950211779
162.4930767756
220.0261348113
182.1441736647
196.0229578391
70.9753478329
27.5771644663
99.3050854690
187.9747323445
73.0787246741
168.8238727195
202.0915634063
161.9243650597
119.4152419082
210.6300073589
97.1699542040
165.3193878527
94.1620942843
154.3907380642
221.4904061128
215.5655352787
213.4513996206
173.1935333666
215.1848042962
215.3125634978
220.5538483001
131.7459676802
187.9042309263
101.3138687446
173.3709894994
153.3998044327
170.5549764739
105.8371390392
164.3228529450
88.6199751749
146.9523732370
221.2600280213
196.5705980049
189.4439231013
128.2984801157
149.8866238195
202.8743453471
152.9460689263
53.3947562968
166.0873264280
197.8787507541
42.1366823564
117.9279441015
199.0602923739
163.4242943996
175.5178053646
193.4735123990
28.8790581564
217.4810336558
206.7401750991
64.8999229584
161.0543386562
193.1333736049
195.1883705552
174.4118688622
106.1084351030
192.4292077622
111.8883371938
139.8248904881
21.1305466091
71.9478978150
223.1479329951
189.6879015646
218.7749985716
127.4107530784
118.0508365070
178.2287855538
205.6988089416
199.5995991980
202.4450542740
191.1962342725
166.4752233817
174.6210182080
106.5973733260
180.8480024772
111.1103055526
217.4465451554
216.1654458973
125.0599856069
207.3897297361
120.3266387796
145.9366300831
131.8332279814
95.9687449121
73.7122784887
145.7429243566
