223.3047245358
91.8286447684
91.2633551871
210.2462841527
179.9763873401
198.0063130307
219.7873972729
41.4427315702
192.8406077568
200.2885418590
173.9195216185
222.3510737550
52.2446169476
168.9763297033
146.4564781770
119.7205078506
154.9774177098
59.5650904473
173.9827577664
217.6889983440
200.6925509330
75.0433208220
163.6047065338
98.5925960709
213.9485919561
201.7857774968
177.6400855663
153.9236823884
115.2649122674
140.2087729067
109.2520022700
80.5822561114
98.6002028395
58.8472599192
153.4405422305
71.4597788969
135.6060470628
202.9753679637
169.1035185914
221.2227384335
165.8704313613
32.5422801905
168.1591508066
217.2061233023
46.7867502612
179.8374265830
172.8496456462
131.2935641987
158.5433694609
179.6886195617
194.3077455996
179.6190413069
204.8169914826
172.0130808979
204.0759662479
201.9083950706
163.8993593642
159.8702598985
103.5350182305
162.9693222665
159.9593698412
89.6297941535
43.6577599059
175.1142484209
91.0054943396
131.9014783844
170.8215443087
87.6070773397
107.3033084299
47.1646053731
10.2956301410
102.0000000000
202.3746525630
86.7092843933
164.3684884642
149.0805151588
57.4064456311
154.1849538703
128.0136711449
29.4533529500
197.6929437284
97.2933707916
156.8183662713
124.1893715259
178.0449381476
103.4432211409
129.1510743277
144.9603394036
194.8486592204
193.3830395872
199.3150772019
111.3575323002
214.2743568419
175.6573368806
157.7878322305
146.8400490330
192.8419041599
145.9263512872
20.5426385842
203.3408468557
